DEPRECATION WARNING: You didn't set `secret_key_base`. Read the upgrade documentation to learn more about this new config option. (called from service at /Users/amitagarwal/.rbenv/versions/2.1.5/lib/ruby/2.1.0/webrick/httpserver.rb:138)


Started GET "/" for ::1 at 2015-03-11 15:12:53 +0100

ActionController::RoutingError (The controller-level `respond_to' feature has been extracted to the `responders` gem. Add it to your Gemfile to continue using this feature:
  gem 'responders', '~> 2.0'
Consult the Rails upgrade guide for details.):
  app/controllers/users_controller.rb:2:in `<class:UsersController>'
  app/controllers/users_controller.rb:1:in `<top (required)>'


  Rendered /Users/amitagarwal/.rbenv/versions/2.1.5/lib/ruby/gems/2.1.0/gems/actionpack-4.2.0/lib/action_dispatch/middleware/templates/rescues/_trace.html.erb (1.6ms)
  Rendered /Users/amitagarwal/.rbenv/versions/2.1.5/lib/ruby/gems/2.1.0/gems/actionpack-4.2.0/lib/action_dispatch/middleware/templates/routes/_route.html.erb (0.6ms)
  Rendered /Users/amitagarwal/.rbenv/versions/2.1.5/lib/ruby/gems/2.1.0/gems/actionpack-4.2.0/lib/action_dispatch/middleware/templates/routes/_table.html.erb (5.1ms)
  Rendered /Users/amitagarwal/.rbenv/versions/2.1.5/lib/ruby/gems/2.1.0/gems/actionpack-4.2.0/lib/action_dispatch/middleware/templates/rescues/_request_and_response.html.erb (2.7ms)
  Rendered /Users/amitagarwal/.rbenv/versions/2.1.5/lib/ruby/gems/2.1.0/gems/actionpack-4.2.0/lib/action_dispatch/middleware/templates/rescues/routing_error.html.erb within rescues/layout (31.4ms)


Started GET "/" for ::1 at 2015-03-11 15:14:00 +0100

ActionController::RoutingError (The controller-level `respond_to' feature has been extracted to the `responders` gem. Add it to your Gemfile to continue using this feature:
  gem 'responders', '~> 2.0'
Consult the Rails upgrade guide for details.):
  app/controllers/users_controller.rb:2:in `<class:UsersController>'
  app/controllers/users_controller.rb:1:in `<top (required)>'


  Rendered /Users/amitagarwal/.rbenv/versions/2.1.5/lib/ruby/gems/2.1.0/gems/actionpack-4.2.0/lib/action_dispatch/middleware/templates/rescues/_trace.html.erb (1.4ms)
  Rendered /Users/amitagarwal/.rbenv/versions/2.1.5/lib/ruby/gems/2.1.0/gems/actionpack-4.2.0/lib/action_dispatch/middleware/templates/routes/_route.html.erb (0.5ms)
  Rendered /Users/amitagarwal/.rbenv/versions/2.1.5/lib/ruby/gems/2.1.0/gems/actionpack-4.2.0/lib/action_dispatch/middleware/templates/routes/_table.html.erb (0.9ms)
  Rendered /Users/amitagarwal/.rbenv/versions/2.1.5/lib/ruby/gems/2.1.0/gems/actionpack-4.2.0/lib/action_dispatch/middleware/templates/rescues/_request_and_response.html.erb (1.0ms)
  Rendered /Users/amitagarwal/.rbenv/versions/2.1.5/lib/ruby/gems/2.1.0/gems/actionpack-4.2.0/lib/action_dispatch/middleware/templates/rescues/routing_error.html.erb within rescues/layout (14.9ms)


Started GET "/" for ::1 at 2015-03-11 15:14:11 +0100
Processing by UsersController#index as HTML
  Rendered users/index.html.erb within layouts/application (5.3ms)
Completed 500 Internal Server Error in 49ms

ActionView::Template::Error (Could not find table 'users'):
     6:     <legend>User</legend>
     7:     <ul>
     8:       <li>
     9:         <%= f.label :first_name_or_last_name_cont %>
    10:         <%= f.text_field :first_name_or_last_name_cont %>
    11:       </li>
    12:       <li>
  app/views/users/index.html.erb:9:in `block in _app_views_users_index_html_erb__2214488890946159924_70326525501220'
  app/views/users/index.html.erb:4:in `_app_views_users_index_html_erb__2214488890946159924_70326525501220'


  Rendered /Users/amitagarwal/.rbenv/versions/2.1.5/lib/ruby/gems/2.1.0/gems/actionpack-4.2.0/lib/action_dispatch/middleware/templates/rescues/_source.erb (7.1ms)
  Rendered /Users/amitagarwal/.rbenv/versions/2.1.5/lib/ruby/gems/2.1.0/gems/actionpack-4.2.0/lib/action_dispatch/middleware/templates/rescues/_trace.html.erb (2.1ms)
  Rendered /Users/amitagarwal/.rbenv/versions/2.1.5/lib/ruby/gems/2.1.0/gems/actionpack-4.2.0/lib/action_dispatch/middleware/templates/rescues/_request_and_response.html.erb (0.9ms)
  Rendered /Users/amitagarwal/.rbenv/versions/2.1.5/lib/ruby/gems/2.1.0/gems/actionpack-4.2.0/lib/action_dispatch/middleware/templates/rescues/template_error.html.erb within rescues/layout (20.4ms)
  [1m[36m (1.3ms)[0m  [1mCREATE TABLE "comments" ("id" INTEGER PRIMARY KEY AUTOINCREMENT NOT NULL, "user_id" integer, "post_id" integer, "body" text, "created_at" datetime, "updated_at" datetime) [0m
  [1m[35m (0.1ms)[0m  select sqlite_version(*)
  [1m[36m (0.9ms)[0m  [1mCREATE  INDEX "index_comments_on_post_id" ON "comments" ("post_id")[0m
  [1m[35m (0.1ms)[0m              SELECT sql
            FROM sqlite_master
            WHERE name='index_comments_on_post_id' AND type='index'
            UNION ALL
            SELECT sql
            FROM sqlite_temp_master
            WHERE name='index_comments_on_post_id' AND type='index'

  [1m[36m (0.7ms)[0m  [1mCREATE  INDEX "index_comments_on_user_id" ON "comments" ("user_id")[0m
  [1m[35m (0.8ms)[0m  CREATE TABLE "posts" ("id" INTEGER PRIMARY KEY AUTOINCREMENT NOT NULL, "user_id" integer, "title" varchar, "body" text, "created_at" datetime, "updated_at" datetime) 
  [1m[36m (0.7ms)[0m  [1mCREATE  INDEX "index_posts_on_user_id" ON "posts" ("user_id")[0m
  [1m[35m (0.7ms)[0m  CREATE TABLE "roles" ("id" INTEGER PRIMARY KEY AUTOINCREMENT NOT NULL, "name" varchar, "description" varchar, "created_at" datetime, "updated_at" datetime) 
  [1m[36m (0.6ms)[0m  [1mCREATE TABLE "roles_users" ("role_id" integer, "user_id" integer) [0m
  [1m[35m (0.6ms)[0m  CREATE TABLE "taggings" ("id" INTEGER PRIMARY KEY AUTOINCREMENT NOT NULL, "tag_id" integer, "taggable_id" integer, "taggable_type" varchar, "created_at" datetime, "updated_at" datetime) 
  [1m[36m (0.8ms)[0m  [1mCREATE  INDEX "index_taggings_on_tag_id" ON "taggings" ("tag_id")[0m
  [1m[35m (0.8ms)[0m  CREATE TABLE "tags" ("id" INTEGER PRIMARY KEY AUTOINCREMENT NOT NULL, "name" varchar, "created_at" datetime, "updated_at" datetime) 
  [1m[36m (0.6ms)[0m  [1mCREATE TABLE "users" ("id" INTEGER PRIMARY KEY AUTOINCREMENT NOT NULL, "first_name" varchar, "last_name" varchar, "email" varchar, "password_digest" varchar, "created_at" datetime, "updated_at" datetime) [0m
  [1m[35m (0.8ms)[0m  CREATE TABLE "schema_migrations" ("version" varchar NOT NULL) 
  [1m[36m (0.6ms)[0m  [1mCREATE UNIQUE INDEX "unique_schema_migrations" ON "schema_migrations" ("version")[0m
  [1m[35m (0.1ms)[0m  SELECT version FROM "schema_migrations"
  [1m[36m (0.5ms)[0m  [1mINSERT INTO "schema_migrations" (version) VALUES ('20110609002321')[0m
  [1m[35m (0.5ms)[0m  INSERT INTO "schema_migrations" (version) VALUES ('20110609001909')
  [1m[36m (0.5ms)[0m  [1mINSERT INTO "schema_migrations" (version) VALUES ('20110609002030')[0m
  [1m[35m (0.6ms)[0m  INSERT INTO "schema_migrations" (version) VALUES ('20110609002121')
  [1m[36m (0.5ms)[0m  [1mINSERT INTO "schema_migrations" (version) VALUES ('20110609002140')[0m
  [1m[35m (0.4ms)[0m  INSERT INTO "schema_migrations" (version) VALUES ('20110609002232')
  [1m[36m (0.7ms)[0m  [1mCREATE TABLE "comments" ("id" INTEGER PRIMARY KEY AUTOINCREMENT NOT NULL, "user_id" integer, "post_id" integer, "body" text, "created_at" datetime, "updated_at" datetime) [0m
  [1m[35m (0.0ms)[0m  select sqlite_version(*)
  [1m[36m (0.6ms)[0m  [1mCREATE  INDEX "index_comments_on_post_id" ON "comments" ("post_id")[0m
  [1m[35m (0.1ms)[0m              SELECT sql
            FROM sqlite_master
            WHERE name='index_comments_on_post_id' AND type='index'
            UNION ALL
            SELECT sql
            FROM sqlite_temp_master
            WHERE name='index_comments_on_post_id' AND type='index'

  [1m[36m (0.5ms)[0m  [1mCREATE  INDEX "index_comments_on_user_id" ON "comments" ("user_id")[0m
  [1m[35m (0.6ms)[0m  CREATE TABLE "posts" ("id" INTEGER PRIMARY KEY AUTOINCREMENT NOT NULL, "user_id" integer, "title" varchar, "body" text, "created_at" datetime, "updated_at" datetime) 
  [1m[36m (0.6ms)[0m  [1mCREATE  INDEX "index_posts_on_user_id" ON "posts" ("user_id")[0m
  [1m[35m (0.6ms)[0m  CREATE TABLE "roles" ("id" INTEGER PRIMARY KEY AUTOINCREMENT NOT NULL, "name" varchar, "description" varchar, "created_at" datetime, "updated_at" datetime) 
  [1m[36m (0.7ms)[0m  [1mCREATE TABLE "roles_users" ("role_id" integer, "user_id" integer) [0m
  [1m[35m (0.5ms)[0m  CREATE TABLE "taggings" ("id" INTEGER PRIMARY KEY AUTOINCREMENT NOT NULL, "tag_id" integer, "taggable_id" integer, "taggable_type" varchar, "created_at" datetime, "updated_at" datetime) 
  [1m[36m (0.6ms)[0m  [1mCREATE  INDEX "index_taggings_on_tag_id" ON "taggings" ("tag_id")[0m
  [1m[35m (0.7ms)[0m  CREATE TABLE "tags" ("id" INTEGER PRIMARY KEY AUTOINCREMENT NOT NULL, "name" varchar, "created_at" datetime, "updated_at" datetime) 
  [1m[36m (0.7ms)[0m  [1mCREATE TABLE "users" ("id" INTEGER PRIMARY KEY AUTOINCREMENT NOT NULL, "first_name" varchar, "last_name" varchar, "email" varchar, "password_digest" varchar, "created_at" datetime, "updated_at" datetime) [0m
  [1m[35m (0.7ms)[0m  CREATE TABLE "schema_migrations" ("version" varchar NOT NULL) 
  [1m[36m (0.6ms)[0m  [1mCREATE UNIQUE INDEX "unique_schema_migrations" ON "schema_migrations" ("version")[0m
  [1m[35m (0.1ms)[0m  SELECT version FROM "schema_migrations"
  [1m[36m (0.5ms)[0m  [1mINSERT INTO "schema_migrations" (version) VALUES ('20110609002321')[0m
  [1m[35m (0.5ms)[0m  INSERT INTO "schema_migrations" (version) VALUES ('20110609001909')
  [1m[36m (0.5ms)[0m  [1mINSERT INTO "schema_migrations" (version) VALUES ('20110609002030')[0m
  [1m[35m (0.5ms)[0m  INSERT INTO "schema_migrations" (version) VALUES ('20110609002121')
  [1m[36m (0.5ms)[0m  [1mINSERT INTO "schema_migrations" (version) VALUES ('20110609002140')[0m
  [1m[35m (0.5ms)[0m  INSERT INTO "schema_migrations" (version) VALUES ('20110609002232')
  [1m[36mActiveRecord::SchemaMigration Load (0.1ms)[0m  [1mSELECT "schema_migrations".* FROM "schema_migrations"[0m
  [1m[35m (0.0ms)[0m  begin transaction
  [1m[36mSQL (0.3ms)[0m  [1mINSERT INTO "roles" ("name", "description", "created_at", "updated_at") VALUES (?, ?, ?, ?)[0m  [["name", "admin"], ["description", "Superuser."], ["created_at", "2015-03-11 14:14:26.768861"], ["updated_at", "2015-03-11 14:14:26.768861"]]
  [1m[35m (0.6ms)[0m  commit transaction
  [1m[36m (0.0ms)[0m  [1mbegin transaction[0m
  [1m[35mSQL (0.2ms)[0m  INSERT INTO "roles" ("name", "description", "created_at", "updated_at") VALUES (?, ?, ?, ?)  [["name", "moderator"], ["description", "Can moderate comments."], ["created_at", "2015-03-11 14:14:26.773218"], ["updated_at", "2015-03-11 14:14:26.773218"]]
  [1m[36m (0.7ms)[0m  [1mcommit transaction[0m
  [1m[35m (0.0ms)[0m  begin transaction
  [1m[36mSQL (0.2ms)[0m  [1mINSERT INTO "roles" ("name", "description", "created_at", "updated_at") VALUES (?, ?, ?, ?)[0m  [["name", "user"], ["description", "A plain old user."], ["created_at", "2015-03-11 14:14:26.775093"], ["updated_at", "2015-03-11 14:14:26.775093"]]
  [1m[35m (0.6ms)[0m  commit transaction
  [1m[36m (0.1ms)[0m  [1mbegin transaction[0m
  [1m[35mSQL (0.3ms)[0m  INSERT INTO "users" ("first_name", "last_name", "email", "created_at", "updated_at") VALUES (?, ?, ?, ?, ?)  [["first_name", "Destiny"], ["last_name", "Bogisich"], ["email", "destiny-bogisich@example.com"], ["created_at", "2015-03-11 14:14:26.818423"], ["updated_at", "2015-03-11 14:14:26.818423"]]
  [1m[36mSQL (0.1ms)[0m  [1mINSERT INTO "roles_users" ("role_id", "user_id") VALUES (?, ?)[0m  [["role_id", 3], ["user_id", 1]]
  [1m[35m (0.9ms)[0m  commit transaction
  [1m[36m (0.0ms)[0m  [1mbegin transaction[0m
  [1m[35mSQL (0.1ms)[0m  INSERT INTO "users" ("first_name", "last_name", "email", "created_at", "updated_at") VALUES (?, ?, ?, ?, ?)  [["first_name", "Boris"], ["last_name", "Bogan"], ["email", "boris-bogan@example.com"], ["created_at", "2015-03-11 14:14:26.822785"], ["updated_at", "2015-03-11 14:14:26.822785"]]
  [1m[36mSQL (0.0ms)[0m  [1mINSERT INTO "roles_users" ("role_id", "user_id") VALUES (?, ?)[0m  [["role_id", 3], ["user_id", 2]]
  [1m[35m (0.8ms)[0m  commit transaction
  [1m[36m (0.1ms)[0m  [1mbegin transaction[0m
  [1m[35mSQL (0.1ms)[0m  INSERT INTO "users" ("first_name", "last_name", "email", "created_at", "updated_at") VALUES (?, ?, ?, ?, ?)  [["first_name", "Tobin"], ["last_name", "Huels"], ["email", "tobin-huels@example.com"], ["created_at", "2015-03-11 14:14:26.826316"], ["updated_at", "2015-03-11 14:14:26.826316"]]
  [1m[36mSQL (0.0ms)[0m  [1mINSERT INTO "roles_users" ("role_id", "user_id") VALUES (?, ?)[0m  [["role_id", 3], ["user_id", 3]]
  [1m[35m (0.8ms)[0m  commit transaction
  [1m[36m (0.0ms)[0m  [1mbegin transaction[0m
  [1m[35mSQL (0.2ms)[0m  INSERT INTO "users" ("first_name", "last_name", "email", "created_at", "updated_at") VALUES (?, ?, ?, ?, ?)  [["first_name", "Alex"], ["last_name", "Hackett"], ["email", "alex-hackett@example.com"], ["created_at", "2015-03-11 14:14:26.829847"], ["updated_at", "2015-03-11 14:14:26.829847"]]
  [1m[36mSQL (0.1ms)[0m  [1mINSERT INTO "roles_users" ("role_id", "user_id") VALUES (?, ?)[0m  [["role_id", 1], ["user_id", 4]]
  [1m[35m (0.8ms)[0m  commit transaction
  [1m[36m (2.1ms)[0m  [1mDROP TABLE "comments"[0m
  [1m[35m (1.1ms)[0m  CREATE TABLE "comments" ("id" INTEGER PRIMARY KEY AUTOINCREMENT NOT NULL, "user_id" integer, "post_id" integer, "body" text, "created_at" datetime, "updated_at" datetime) 
  [1m[36m (0.1ms)[0m  [1mselect sqlite_version(*)[0m
  [1m[35m (0.9ms)[0m  CREATE  INDEX "index_comments_on_post_id" ON "comments" ("post_id")
  [1m[36m (0.1ms)[0m  [1m            SELECT sql
            FROM sqlite_master
            WHERE name='index_comments_on_post_id' AND type='index'
            UNION ALL
            SELECT sql
            FROM sqlite_temp_master
            WHERE name='index_comments_on_post_id' AND type='index'
[0m
  [1m[35m (0.9ms)[0m  CREATE  INDEX "index_comments_on_user_id" ON "comments" ("user_id")
  [1m[36m (0.8ms)[0m  [1mDROP TABLE "posts"[0m
  [1m[35m (0.8ms)[0m  CREATE TABLE "posts" ("id" INTEGER PRIMARY KEY AUTOINCREMENT NOT NULL, "user_id" integer, "title" varchar, "body" text, "created_at" datetime, "updated_at" datetime) 
  [1m[36m (0.7ms)[0m  [1mCREATE  INDEX "index_posts_on_user_id" ON "posts" ("user_id")[0m
  [1m[35m (0.9ms)[0m  DROP TABLE "roles"
  [1m[36m (0.7ms)[0m  [1mCREATE TABLE "roles" ("id" INTEGER PRIMARY KEY AUTOINCREMENT NOT NULL, "name" varchar, "description" varchar, "created_at" datetime, "updated_at" datetime) [0m
  [1m[35m (0.6ms)[0m  DROP TABLE "roles_users"
  [1m[36m (0.8ms)[0m  [1mCREATE TABLE "roles_users" ("role_id" integer, "user_id" integer) [0m
  [1m[35m (0.7ms)[0m  DROP TABLE "taggings"
  [1m[36m (0.8ms)[0m  [1mCREATE TABLE "taggings" ("id" INTEGER PRIMARY KEY AUTOINCREMENT NOT NULL, "tag_id" integer, "taggable_id" integer, "taggable_type" varchar, "created_at" datetime, "updated_at" datetime) [0m
  [1m[35m (0.5ms)[0m  CREATE  INDEX "index_taggings_on_tag_id" ON "taggings" ("tag_id")
  [1m[36m (0.5ms)[0m  [1mDROP TABLE "tags"[0m
  [1m[35m (0.5ms)[0m  CREATE TABLE "tags" ("id" INTEGER PRIMARY KEY AUTOINCREMENT NOT NULL, "name" varchar, "created_at" datetime, "updated_at" datetime) 
  [1m[36m (0.6ms)[0m  [1mDROP TABLE "users"[0m
  [1m[35m (0.6ms)[0m  CREATE TABLE "users" ("id" INTEGER PRIMARY KEY AUTOINCREMENT NOT NULL, "first_name" varchar, "last_name" varchar, "email" varchar, "password_digest" varchar, "created_at" datetime, "updated_at" datetime) 
  [1m[36m (0.1ms)[0m  [1mSELECT version FROM "schema_migrations"[0m
  [1m[35m (1.0ms)[0m  DROP TABLE "comments"
  [1m[36m (1.2ms)[0m  [1mCREATE TABLE "comments" ("id" INTEGER PRIMARY KEY AUTOINCREMENT NOT NULL, "user_id" integer, "post_id" integer, "body" text, "created_at" datetime, "updated_at" datetime) [0m
  [1m[35m (0.1ms)[0m  select sqlite_version(*)
  [1m[36m (1.1ms)[0m  [1mCREATE  INDEX "index_comments_on_post_id" ON "comments" ("post_id")[0m
  [1m[35m (0.1ms)[0m              SELECT sql
            FROM sqlite_master
            WHERE name='index_comments_on_post_id' AND type='index'
            UNION ALL
            SELECT sql
            FROM sqlite_temp_master
            WHERE name='index_comments_on_post_id' AND type='index'

  [1m[36m (1.0ms)[0m  [1mCREATE  INDEX "index_comments_on_user_id" ON "comments" ("user_id")[0m
  [1m[35m (1.0ms)[0m  DROP TABLE "posts"
  [1m[36m (1.0ms)[0m  [1mCREATE TABLE "posts" ("id" INTEGER PRIMARY KEY AUTOINCREMENT NOT NULL, "user_id" integer, "title" varchar, "body" text, "created_at" datetime, "updated_at" datetime) [0m
  [1m[35m (0.9ms)[0m  CREATE  INDEX "index_posts_on_user_id" ON "posts" ("user_id")
  [1m[36m (0.8ms)[0m  [1mDROP TABLE "roles"[0m
  [1m[35m (1.0ms)[0m  CREATE TABLE "roles" ("id" INTEGER PRIMARY KEY AUTOINCREMENT NOT NULL, "name" varchar, "description" varchar, "created_at" datetime, "updated_at" datetime) 
  [1m[36m (0.9ms)[0m  [1mDROP TABLE "roles_users"[0m
  [1m[35m (0.9ms)[0m  CREATE TABLE "roles_users" ("role_id" integer, "user_id" integer) 
  [1m[36m (0.7ms)[0m  [1mDROP TABLE "taggings"[0m
  [1m[35m (0.7ms)[0m  CREATE TABLE "taggings" ("id" INTEGER PRIMARY KEY AUTOINCREMENT NOT NULL, "tag_id" integer, "taggable_id" integer, "taggable_type" varchar, "created_at" datetime, "updated_at" datetime) 
  [1m[36m (1.1ms)[0m  [1mCREATE  INDEX "index_taggings_on_tag_id" ON "taggings" ("tag_id")[0m
  [1m[35m (0.8ms)[0m  DROP TABLE "tags"
  [1m[36m (0.7ms)[0m  [1mCREATE TABLE "tags" ("id" INTEGER PRIMARY KEY AUTOINCREMENT NOT NULL, "name" varchar, "created_at" datetime, "updated_at" datetime) [0m
  [1m[35m (0.7ms)[0m  DROP TABLE "users"
  [1m[36m (1.2ms)[0m  [1mCREATE TABLE "users" ("id" INTEGER PRIMARY KEY AUTOINCREMENT NOT NULL, "first_name" varchar, "last_name" varchar, "email" varchar, "password_digest" varchar, "created_at" datetime, "updated_at" datetime) [0m
  [1m[35m (0.1ms)[0m  SELECT version FROM "schema_migrations"
  [1m[36mActiveRecord::SchemaMigration Load (0.1ms)[0m  [1mSELECT "schema_migrations".* FROM "schema_migrations"[0m
  [1m[35m (0.1ms)[0m  begin transaction
  [1m[36mSQL (0.3ms)[0m  [1mINSERT INTO "roles" ("name", "description", "created_at", "updated_at") VALUES (?, ?, ?, ?)[0m  [["name", "admin"], ["description", "Superuser."], ["created_at", "2015-03-11 14:14:58.812590"], ["updated_at", "2015-03-11 14:14:58.812590"]]
  [1m[35m (1.1ms)[0m  commit transaction
  [1m[36m (0.1ms)[0m  [1mbegin transaction[0m
  [1m[35mSQL (0.3ms)[0m  INSERT INTO "roles" ("name", "description", "created_at", "updated_at") VALUES (?, ?, ?, ?)  [["name", "moderator"], ["description", "Can moderate comments."], ["created_at", "2015-03-11 14:14:58.817529"], ["updated_at", "2015-03-11 14:14:58.817529"]]
  [1m[36m (1.0ms)[0m  [1mcommit transaction[0m
  [1m[35m (0.1ms)[0m  begin transaction
  [1m[36mSQL (0.2ms)[0m  [1mINSERT INTO "roles" ("name", "description", "created_at", "updated_at") VALUES (?, ?, ?, ?)[0m  [["name", "user"], ["description", "A plain old user."], ["created_at", "2015-03-11 14:14:58.820705"], ["updated_at", "2015-03-11 14:14:58.820705"]]
  [1m[35m (0.9ms)[0m  commit transaction
  [1m[36m (0.0ms)[0m  [1mbegin transaction[0m
  [1m[35mSQL (0.3ms)[0m  INSERT INTO "users" ("first_name", "last_name", "email", "created_at", "updated_at") VALUES (?, ?, ?, ?, ?)  [["first_name", "Helena"], ["last_name", "Gorczany"], ["email", "helena-gorczany@example.com"], ["created_at", "2015-03-11 14:14:58.855992"], ["updated_at", "2015-03-11 14:14:58.855992"]]
  [1m[36mSQL (0.1ms)[0m  [1mINSERT INTO "roles_users" ("role_id", "user_id") VALUES (?, ?)[0m  [["role_id", 3], ["user_id", 1]]
  [1m[35m (1.1ms)[0m  commit transaction
  [1m[36m (0.1ms)[0m  [1mbegin transaction[0m
  [1m[35mSQL (0.2ms)[0m  INSERT INTO "users" ("first_name", "last_name", "email", "created_at", "updated_at") VALUES (?, ?, ?, ?, ?)  [["first_name", "Saul"], ["last_name", "Toy"], ["email", "saul-toy@example.com"], ["created_at", "2015-03-11 14:14:58.862013"], ["updated_at", "2015-03-11 14:14:58.862013"]]
  [1m[36mSQL (0.1ms)[0m  [1mINSERT INTO "roles_users" ("role_id", "user_id") VALUES (?, ?)[0m  [["role_id", 3], ["user_id", 2]]
  [1m[35m (0.9ms)[0m  commit transaction
  [1m[36m (0.0ms)[0m  [1mbegin transaction[0m
  [1m[35mSQL (0.2ms)[0m  INSERT INTO "users" ("first_name", "last_name", "email", "created_at", "updated_at") VALUES (?, ?, ?, ?, ?)  [["first_name", "Brennan"], ["last_name", "Flatley"], ["email", "brennan-flatley@example.com"], ["created_at", "2015-03-11 14:14:58.867157"], ["updated_at", "2015-03-11 14:14:58.867157"]]
  [1m[36mSQL (0.1ms)[0m  [1mINSERT INTO "roles_users" ("role_id", "user_id") VALUES (?, ?)[0m  [["role_id", 3], ["user_id", 3]]
  [1m[35m (0.8ms)[0m  commit transaction
  [1m[36m (0.0ms)[0m  [1mbegin transaction[0m
  [1m[35mSQL (0.2ms)[0m  INSERT INTO "users" ("first_name", "last_name", "email", "created_at", "updated_at") VALUES (?, ?, ?, ?, ?)  [["first_name", "Luella"], ["last_name", "Kub"], ["email", "luella-kub@example.com"], ["created_at", "2015-03-11 14:14:58.871774"], ["updated_at", "2015-03-11 14:14:58.871774"]]
  [1m[36mSQL (0.0ms)[0m  [1mINSERT INTO "roles_users" ("role_id", "user_id") VALUES (?, ?)[0m  [["role_id", 1], ["user_id", 4]]
  [1m[35m (0.7ms)[0m  commit transaction
  [1m[36mTag Load (0.2ms)[0m  [1mSELECT  "tags".* FROM "tags" WHERE (quia) LIMIT 1[0m
SQLite3::SQLException: no such column: quia: SELECT  "tags".* FROM "tags" WHERE (quia) LIMIT 1
DEPRECATION WARNING: You didn't set `secret_key_base`. Read the upgrade documentation to learn more about this new config option. (called from service at /Users/amitagarwal/.rbenv/versions/2.1.5/lib/ruby/2.1.0/webrick/httpserver.rb:138)


Started GET "/" for ::1 at 2015-03-11 15:15:29 +0100
Processing by UsersController#index as HTML
  [1m[36m (0.1ms)[0m  [1mSELECT COUNT(*) FROM "users"[0m
  [1m[35mUser Load (0.2ms)[0m  SELECT  "users".* FROM "users" LIMIT 10
  Rendered users/_results.html.erb (13.2ms)
  Rendered users/index.html.erb within layouts/application (66.3ms)
Completed 200 OK in 432ms (Views: 405.3ms | ActiveRecord: 1.5ms)


Started GET "/assets/application.css" for ::1 at 2015-03-11 15:15:30 +0100


Started GET "/assets/application.js" for ::1 at 2015-03-11 15:15:30 +0100


Started GET "/users?utf8=%E2%9C%93&q%5Bfirst_name_or_last_name_cont%5D=&q%5Bemail_cont%5D=aHel&q%5Bposts_title_cont%5D=&commit=Search" for ::1 at 2015-03-11 15:15:41 +0100
Processing by UsersController#index as HTML
  Parameters: {"utf8"=>"✓", "q"=>{"first_name_or_last_name_cont"=>"", "email_cont"=>"aHel", "posts_title_cont"=>""}, "commit"=>"Search"}
  [1m[36m (0.1ms)[0m  [1mSELECT COUNT(*) FROM "users" WHERE ("users"."email" LIKE '%aHel%')[0m
  [1m[35mUser Load (0.2ms)[0m  SELECT  "users".* FROM "users" WHERE ("users"."email" LIKE '%aHel%') LIMIT 10
  Rendered users/_results.html.erb (6.8ms)
  Rendered users/index.html.erb within layouts/application (11.0ms)
Completed 200 OK in 15ms (Views: 12.6ms | ActiveRecord: 0.7ms)


Started GET "/users?utf8=%E2%9C%93&q%5Bfirst_name_or_last_name_cont%5D=&q%5Bemail_cont%5D=Hel&q%5Bposts_title_cont%5D=&commit=Search" for ::1 at 2015-03-11 15:15:47 +0100
Processing by UsersController#index as HTML
  Parameters: {"utf8"=>"✓", "q"=>{"first_name_or_last_name_cont"=>"", "email_cont"=>"Hel", "posts_title_cont"=>""}, "commit"=>"Search"}
  [1m[36m (0.1ms)[0m  [1mSELECT COUNT(*) FROM "users" WHERE ("users"."email" LIKE '%Hel%')[0m
  [1m[35mUser Load (0.1ms)[0m  SELECT  "users".* FROM "users" WHERE ("users"."email" LIKE '%Hel%') LIMIT 10
  Rendered users/_results.html.erb (4.1ms)
  Rendered users/index.html.erb within layouts/application (7.4ms)
Completed 200 OK in 10ms (Views: 8.7ms | ActiveRecord: 0.5ms)


Started GET "/users?utf8=%E2%9C%93&q%5Bfirst_name_or_last_name_cont%5D=&q%5Bemail_cont%5D=Hel&q%5Bposts_title_cont%5D=&commit=Search" for ::1 at 2015-03-11 15:17:03 +0100
Processing by UsersController#index as HTML
  Parameters: {"utf8"=>"✓", "q"=>{"first_name_or_last_name_cont"=>"", "email_cont"=>"Hel", "posts_title_cont"=>""}, "commit"=>"Search"}
  [1m[36m (0.1ms)[0m  [1mSELECT COUNT(*) FROM "users" WHERE ("users"."email" LIKE '%Hel%')[0m
  [1m[35mUser Load (0.1ms)[0m  SELECT  "users".* FROM "users" WHERE ("users"."email" LIKE '%Hel%') LIMIT 10
  Rendered users/_results.html.erb (5.1ms)
  Rendered users/index.html.erb within layouts/application (9.9ms)
Completed 200 OK in 14ms (Views: 12.1ms | ActiveRecord: 0.6ms)


Started GET "/assets/application.css" for ::1 at 2015-03-11 15:17:03 +0100


Started GET "/assets/application.js" for ::1 at 2015-03-11 15:17:03 +0100
